<?xml version="1.0" encoding="UTF-8"?>
<testng-results skipped="0" failed="0" ignored="0" total="1" passed="1">
  <reporter-output>
  </reporter-output>
  <suite name="Suite" duration-ms="1155" started-at="2020-10-30T06:42:47Z" finished-at="2020-10-30T06:42:48Z">
    <groups>
    </groups>
    <test name="Test" duration-ms="1155" started-at="2020-10-30T06:42:47Z" finished-at="2020-10-30T06:42:48Z">
      <class name="RestAssured.automation.WeatherGetRequest">
        <test-method status="PASS" signature="Test01()[pri:0, instance:RestAssured.automation.WeatherGetRequest@3d299e3]" name="Test01" duration-ms="1127" started-at="2020-10-30T06:42:47Z" finished-at="2020-10-30T06:42:48Z">
          <reporter-output>
          </reporter-output>
        </test-method> <!-- Test01 -->
      </class> <!-- RestAssured.automation.WeatherGetRequest -->
    </test> <!-- Test -->
  </suite> <!-- Suite -->
</testng-results>
